Exporter version: 6.4.6, Blender version: 2.91.0
========= Conversion from Blender to Babylon.js =========
	Scene settings used :
		Inline textures     :  false
		Material Type       :  PBR
		Positions Precision :  4
		Normals Precision   :  3
		UVs Precision       :  3
		Vert Color Precision:  3
		Mat Weight Precision:  2
		Keep Z-up r-handed  :  no
		Texture directory   :  /Users/corygallagher/Documents/node_projects/escapegame/client/public/
	Python World class constructor completed
	processing begun of mesh:  knob
		processing begun of material:  defaultMat.016
		processing begun of material:  defaultMat.010
		processing begun of material:  defaultMat.013
		processing begun of material:  defaultMat.012
		processing begun of material:  defaultMat.009
		processing begun of material:  defaultMat.015
		processing begun of material:  defaultMat.014
			processing texture watch_3
				texture type:  diffuseTexture, mapped using: "UVMap"
			processing texture bookshelf
				texture type:  diffuseTexture, mapped using: "UVMap"
			processing texture shelfs
				texture type:  diffuseTexture, mapped using: "UVMap"
			processing texture books
				texture type:  diffuseTexture, mapped using: "UVMap"
			processing texture bookshelf_legs
				texture type:  diffuseTexture, mapped using: "UVMap"
			processing texture watch_2
				texture type:  diffuseTexture, mapped using: "UVMap"
			processing texture watch_1
				texture type:  diffuseTexture, mapped using: "UVMap"
		processing begun of multimaterial:  bookshelfFrida.Multimaterial#0
		num positions      :  54851
		num normals        :  54851
		num tangents       :  0
		num uvs            :  109702
		num uvs2           :  0
		num colors         :  0
		num triangles      :  88706
	processing begun of camera (UniversalCamera):  Camera
	processing begun of light (SPOT):  rimLight
========= Writing of JSON file started =========
	writing mesh:  knob
========= Writing of JSON file completed =========
========= end of processing =========
elapsed time:  0 min, 8.4102 secs
