Exporter version: 6.4.6, Blender version: 2.91.0
========= Conversion from Blender to Babylon.js =========
	Scene settings used :
		Inline textures     :  false
		Material Type       :  PBR
		Positions Precision :  4
		Normals Precision   :  3
		UVs Precision       :  3
		Vert Color Precision:  3
		Mat Weight Precision:  2
		Keep Z-up r-handed  :  no
		Texture directory   :  /Users/corygallagher/Documents/node_projects/escapegame/client/public/
	Python World class constructor completed
	processing begun of camera (UniversalCamera):  Camera
	processing begun of node:  Simple Dining Chair
	processing begun of node:  Simple Dining Chair.001
	processing begun of light (POINT):  Light
========= Writing of JSON file started =========
========= Writing of JSON file completed =========
========= end of processing =========
elapsed time:  0 min, 0.0222 secs
