Exporter version: 6.4.6, Blender version: 2.91.0
========= Conversion from Blender to Babylon.js =========
	Scene settings used :
		Inline textures     :  false
		Material Type       :  PBR
		Positions Precision :  4
		Normals Precision   :  3
		UVs Precision       :  3
		Vert Color Precision:  3
		Mat Weight Precision:  2
		Keep Z-up r-handed  :  no
		Texture directory   :  /Users/corygallagher/Documents/node_projects/escapegame/client/public/
	Python World class constructor completed
	WARNING: No active camera has been assigned, or is not in a currently selected Blender layer
	processing begun of mesh:  Clock1
		processing begun of material:  MTRL_Clock1
		num positions      :  391
		num normals        :  391
		num tangents       :  0
		num uvs            :  782
		num uvs2           :  0
		num colors         :  0
		num triangles      :  380
========= Writing of JSON file started =========
	writing mesh:  Clock1
========= Writing of JSON file completed =========
========= end of processing =========
elapsed time:  0 min, 0.0557 secs
