Exporter version: 6.4.6, Blender version: 2.91.0
========= Conversion from Blender to Babylon.js =========
	Scene settings used :
		Inline textures     :  false
		Material Type       :  PBR
		Positions Precision :  4
		Normals Precision   :  3
		UVs Precision       :  3
		Vert Color Precision:  3
		Mat Weight Precision:  2
		Keep Z-up r-handed  :  no
		Texture directory   :  /Users/corygallagher/Documents/node_projects/escapegame/client/public/
	Python World class constructor completed
	WARNING: No active camera has been assigned, or is not in a currently selected Blender layer
	processing begun of mesh:  Plane.001
		processing begun of material:  Material.003
		num positions      :  4
		num normals        :  4
		num tangents       :  0
		num uvs            :  0
		num uvs2           :  0
		num colors         :  0
		num triangles      :  2
	processing begun of mesh:  indoor plant_02
		processing begun of material:  IDP_root
		processing begun of material:  IDP_ground
		processing begun of material:  IDP_leaves
		processing begun of material:  IDP_Pot
		processing begun of multimaterial:  plant_with_color.Multimaterial#0
		num positions      :  25824
		num normals        :  25824
		num tangents       :  0
		num uvs            :  51648
		num uvs2           :  0
		num colors         :  0
		num triangles      :  45824
	processing begun of mesh:  Plane
		processing begun of material:  Material.006
		num positions      :  15
		num normals        :  15
		num tangents       :  0
		num uvs            :  30
		num uvs2           :  0
		num colors         :  0
		num triangles      :  16
	processing begun of light (SPOT):  Spot
	processing begun of light (DIRECTIONAL):  Hemi
========= Writing of JSON file started =========
	writing mesh:  Plane.001
	writing mesh:  indoor plant_02
	writing mesh:  Plane
========= Writing of JSON file completed =========
========= end of processing =========
elapsed time:  0 min, 2.855 secs
